# JRE version: Java(TM) SE Runtime Environment (8.0_211-b12) (build 1.8.0_211-b12)
# Java VM: Java HotSpot(TM) 64-Bit Server VM (25.211-b12 mixed mode windows-amd64 compressed oops)
Heap:
 PSYoungGen      total 118784K, used 51391K [0x0000000780d80000, 0x000000079d500000, 0x00000007c0000000)
  eden space 118272K, 43% used [0x0000000780d80000,0x0000000783f9fe08,0x0000000788100000)
  from space 512K, 12% used [0x000000079d480000,0x000000079d490000,0x000000079d500000)
  to   space 3072K, 0% used [0x000000079cf00000,0x000000079cf00000,0x000000079d200000)
 ParOldGen       total 74240K, used 29037K [0x0000000702800000, 0x0000000707080000, 0x0000000780d80000)
  object space 74240K, 39% used [0x0000000702800000,0x000000070445b458,0x0000000707080000)
 Metaspace       used 25871K, capacity 26177K, committed 26496K, reserved 1073152K
  class space    used 2319K, capacity 2376K, committed 2432K, reserved 1048576K
GC Heap History (10 events):
Event: 611.928 GC heap before
{Heap before GC invocations=41 (full 1):
 PSYoungGen      total 145408K, used 140864K [0x0000000780d80000, 0x000000079de00000, 0x00000007c0000000)
  eden space 140800K, 100% used [0x0000000780d80000,0x0000000789700000,0x0000000789700000)
  from space 4608K, 1% used [0x000000079d500000,0x000000079d510000,0x000000079d980000)
  to   space 4096K, 0% used [0x000000079da00000,0x000000079da00000,0x000000079de00000)
 ParOldGen       total 74240K, used 29037K [0x0000000702800000, 0x0000000707080000, 0x0000000780d80000)
  object space 74240K, 39% used [0x0000000702800000,0x000000070445b458,0x0000000707080000)
 Metaspace       used 25858K, capacity 26049K, committed 26240K, reserved 1073152K
  class space    used 2316K, capacity 2376K, committed 2432K, reserved 1048576K
Event: 611.930 GC heap after
Heap after GC invocations=41 (full 1):
 PSYoungGen      total 136192K, used 128K [0x0000000780d80000, 0x000000079da80000, 0x00000007c0000000)
  eden space 135680K, 0% used [0x0000000780d80000,0x0000000780d80000,0x0000000789200000)
  from space 512K, 25% used [0x000000079da00000,0x000000079da20000,0x000000079da80000)
  to   space 4096K, 0% used [0x000000079d280000,0x000000079d280000,0x000000079d680000)
 ParOldGen       total 74240K, used 29037K [0x0000000702800000, 0x0000000707080000, 0x0000000780d80000)
  object space 74240K, 39% used [0x0000000702800000,0x000000070445b458,0x0000000707080000)
 Metaspace       used 25858K, capacity 26049K, committed 26240K, reserved 1073152K
  class space    used 2316K, capacity 2376K, committed 2432K, reserved 1048576K
}
Event: 620.379 GC heap before
{Heap before GC invocations=42 (full 1):
 PSYoungGen      total 136192K, used 135808K [0x0000000780d80000, 0x000000079da80000, 0x00000007c0000000)
  eden space 135680K, 100% used [0x0000000780d80000,0x0000000789200000,0x0000000789200000)
  from space 512K, 25% used [0x000000079da00000,0x000000079da20000,0x000000079da80000)
  to   space 4096K, 0% used [0x000000079d280000,0x000000079d280000,0x000000079d680000)
 ParOldGen       total 74240K, used 29037K [0x0000000702800000, 0x0000000707080000, 0x0000000780d80000)
  object space 74240K, 39% used [0x0000000702800000,0x000000070445b458,0x0000000707080000)
 Metaspace       used 25858K, capacity 26049K, committed 26240K, reserved 1073152K
  class space    used 2316K, capacity 2376K, committed 2432K, reserved 1048576K
Event: 620.380 GC heap after
Heap after GC invocations=42 (full 1):
 PSYoungGen      total 135168K, used 128K [0x0000000780d80000, 0x000000079da80000, 0x00000007c0000000)
  eden space 131072K, 0% used [0x0000000780d80000,0x0000000780d80000,0x0000000788d80000)
  from space 4096K, 3% used [0x000000079d280000,0x000000079d2a0000,0x000000079d680000)
  to   space 3584K, 0% used [0x000000079d700000,0x000000079d700000,0x000000079da80000)
 ParOldGen       total 74240K, used 29037K [0x0000000702800000, 0x0000000707080000, 0x0000000780d80000)
  object space 74240K, 39% used [0x0000000702800000,0x000000070445b458,0x0000000707080000)
 Metaspace       used 25858K, capacity 26049K, committed 26240K, reserved 1073152K
  class space    used 2316K, capacity 2376K, committed 2432K, reserved 1048576K
}
Event: 628.415 GC heap before
{Heap before GC invocations=43 (full 1):
 PSYoungGen      total 135168K, used 131200K [0x0000000780d80000, 0x000000079da80000, 0x00000007c0000000)
  eden space 131072K, 100% used [0x0000000780d80000,0x0000000788d80000,0x0000000788d80000)
  from space 4096K, 3% used [0x000000079d280000,0x000000079d2a0000,0x000000079d680000)
  to   space 3584K, 0% used [0x000000079d700000,0x000000079d700000,0x000000079da80000)
 ParOldGen       total 74240K, used 29037K [0x0000000702800000, 0x0000000707080000, 0x0000000780d80000)
  object space 74240K, 39% used [0x0000000702800000,0x000000070445b458,0x0000000707080000)
 Metaspace       used 25858K, capacity 26049K, committed 26240K, reserved 1073152K
  class space    used 2316K, capacity 2376K, committed 2432K, reserved 1048576K
Event: 628.422 GC heap after
Heap after GC invocations=43 (full 1):
 PSYoungGen      total 126976K, used 32K [0x0000000780d80000, 0x000000079d780000, 0x00000007c0000000)
  eden space 126464K, 0% used [0x0000000780d80000,0x0000000780d80000,0x0000000788900000)
  from space 512K, 6% used [0x000000079d700000,0x000000079d708000,0x000000079d780000)
  to   space 3072K, 0% used [0x000000079d180000,0x000000079d180000,0x000000079d480000)
 ParOldGen       total 74240K, used 29037K [0x0000000702800000, 0x0000000707080000, 0x0000000780d80000)
  object space 74240K, 39% used [0x0000000702800000,0x000000070445b458,0x0000000707080000)
 Metaspace       used 25858K, capacity 26049K, committed 26240K, reserved 1073152K
  class space    used 2316K, capacity 2376K, committed 2432K, reserved 1048576K
}
Event: 636.244 GC heap before
{Heap before GC invocations=44 (full 1):
 PSYoungGen      total 126976K, used 126496K [0x0000000780d80000, 0x000000079d780000, 0x00000007c0000000)
  eden space 126464K, 100% used [0x0000000780d80000,0x0000000788900000,0x0000000788900000)
  from space 512K, 6% used [0x000000079d700000,0x000000079d708000,0x000000079d780000)
  to   space 3072K, 0% used [0x000000079d180000,0x000000079d180000,0x000000079d480000)
 ParOldGen       total 74240K, used 29037K [0x0000000702800000, 0x0000000707080000, 0x0000000780d80000)
  object space 74240K, 39% used [0x0000000702800000,0x000000070445b458,0x0000000707080000)
 Metaspace       used 25858K, capacity 26049K, committed 26240K, reserved 1073152K
  class space    used 2316K, capacity 2376K, committed 2432K, reserved 1048576K
Event: 636.245 GC heap after
Heap after GC invocations=44 (full 1):
 PSYoungGen      total 125440K, used 64K [0x0000000780d80000, 0x000000079d780000, 0x00000007c0000000)
  eden space 122368K, 0% used [0x0000000780d80000,0x0000000780d80000,0x0000000788500000)
  from space 3072K, 2% used [0x000000079d180000,0x000000079d190000,0x000000079d480000)
  to   space 3072K, 0% used [0x000000079d480000,0x000000079d480000,0x000000079d780000)
 ParOldGen       total 74240K, used 29037K [0x0000000702800000, 0x0000000707080000, 0x0000000780d80000)
  object space 74240K, 39% used [0x0000000702800000,0x000000070445b458,0x0000000707080000)
 Metaspace       used 25858K, capacity 26049K, committed 26240K, reserved 1073152K
  class space    used 2316K, capacity 2376K, committed 2432K, reserved 1048576K
}
Event: 643.760 GC heap before
{Heap before GC invocations=45 (full 1):
 PSYoungGen      total 125440K, used 122432K [0x0000000780d80000, 0x000000079d780000, 0x00000007c0000000)
  eden space 122368K, 100% used [0x0000000780d80000,0x0000000788500000,0x0000000788500000)
  from space 3072K, 2% used [0x000000079d180000,0x000000079d190000,0x000000079d480000)
  to   space 3072K, 0% used [0x000000079d480000,0x000000079d480000,0x000000079d780000)
 ParOldGen       total 74240K, used 29037K [0x0000000702800000, 0x0000000707080000, 0x0000000780d80000)
  object space 74240K, 39% used [0x0000000702800000,0x000000070445b458,0x0000000707080000)
 Metaspace       used 25858K, capacity 26049K, committed 26240K, reserved 1073152K
  class space    used 2316K, capacity 2376K, committed 2432K, reserved 1048576K
Event: 643.761 GC heap after
Heap after GC invocations=45 (full 1):
 PSYoungGen      total 118784K, used 64K [0x0000000780d80000, 0x000000079d500000, 0x00000007c0000000)
  eden space 118272K, 0% used [0x0000000780d80000,0x0000000780d80000,0x0000000788100000)
  from space 512K, 12% used [0x000000079d480000,0x000000079d490000,0x000000079d500000)
  to   space 3072K, 0% used [0x000000079cf00000,0x000000079cf00000,0x000000079d200000)
 ParOldGen       total 74240K, used 29037K [0x0000000702800000, 0x0000000707080000, 0x0000000780d80000)
  object space 74240K, 39% used [0x0000000702800000,0x000000070445b458,0x0000000707080000)
 Metaspace       used 25858K, capacity 26049K, committed 26240K, reserved 1073152K
  class space    used 2316K, capacity 2376K, committed 2432K, reserved 1048576K
}

